facebook/build/intermediates/manifest_merge_blame_file/debug/manifest-merger-blame-debug-report.txt
1<?xml version="1.0" encoding="utf-8"?>
2<!--
3    Copyright (c) 2014-present, Facebook, Inc. All rights reserved.
4
5    You are hereby granted a non-exclusive, worldwide, royalty-free license to use,
6    copy, modify, and distribute this software in source code or binary form for use
7    in connection with the web services and APIs provided by Facebook.
8
9    As with any software that integrates with the Facebook platform, your use of
10    this software is subject to the Facebook Developer Principles and Policies
11    [http://developers.facebook.com/policy/]. This copyright notice shall be
12    included in all copies or substantial portions of the software.
13
14    THE SOFTWARE IS PROVIDED "AS IS", WITHOUT WARRANTY OF ANY KIND, EXPRESS OR
15    IMPLIED, INCLUDING BUT NOT LIMITED TO THE WARRANTIES OF MERCHANTABILITY, FITNESS
16    FOR A PARTICULAR PURPOSE AND NONINFRINGEMENT. IN NO EVENT SHALL THE AUTHORS OR
17    COPYRIGHT HOLDERS BE LIABLE FOR ANY CLAIM, DAMAGES OR OTHER LIABILITY, WHETHER
18    IN AN ACTION OF CONTRACT, TORT OR OTHERWISE, ARISING FROM, OUT OF OR IN
19    CONNECTION WITH THE SOFTWARE OR THE USE OR OTHER DEALINGS IN THE SOFTWARE.
20-->
21<manifest xmlns:android="http://schemas.android.com/apk/res/android"
22    package="com.facebook" >
23
24    <uses-sdk
25        android:minSdkVersion="21"
25-->Image_data_collection/facebook/AndroidManifest.xml
26        android:targetSdkVersion="30" />
26-->Image_data_collection/facebook/AndroidManifest.xml
27
28    <application />
28-->Image_data_collection/facebook/AndroidManifest.xml:24:5-19
29
30</manifest>